SF:lib\modules\customer\data\models\customer_model.dart
DA:6,2
DA:16,2
DA:28,2
DA:29,6
DA:32,1
DA:33,1
DA:35,3
DA:37,1
DA:38,1
DA:39,1
DA:40,1
DA:41,1
DA:42,1
DA:43,1
DA:44,1
DA:46,1
DA:50,2
DA:51,1
DA:52,2
DA:53,2
DA:54,2
DA:55,2
DA:56,3
DA:59,2
DA:70,2
DA:71,2
DA:72,2
DA:73,2
DA:74,4
DA:75,4
DA:76,4
DA:77,4
DA:78,2
DA:79,2
LF:34
LH:34
end_of_record
SF:lib\modules\core\vos\email.dart
DA:6,3
DA:8,3
DA:10,0
DA:12,0
DA:18,0
LF:5
LH:2
end_of_record
SF:lib\modules\core\vos\text.dart
DA:6,3
DA:8,0
DA:10,0
DA:16,3
DA:17,3
LF:5
LH:3
end_of_record
SF:lib\modules\customer\domain\entities\customer.dart
DA:16,6
DA:17,3
DA:19,6
DA:20,3
DA:22,6
DA:23,3
DA:25,6
DA:26,3
DA:28,6
DA:29,3
DA:31,6
DA:32,3
DA:34,6
DA:35,2
DA:37,3
DA:47,3
DA:48,3
DA:49,3
DA:50,3
DA:51,3
DA:52,3
LF:21
LH:21
end_of_record
SF:lib\modules\workout\data\models\workout_model.dart
DA:6,0
DA:11,0
DA:18,0
DA:19,0
DA:22,0
DA:23,0
DA:24,0
DA:25,0
DA:27,0
DA:30,0
DA:31,0
DA:33,0
DA:39,0
DA:40,0
DA:41,0
DA:42,0
DA:43,0
LF:17
LH:0
end_of_record
SF:lib\modules\workout\data\models\exercise_model.dart
DA:5,0
DA:25,0
DA:47,0
DA:48,0
DA:67,0
DA:70,0
DA:71,0
DA:72,0
DA:73,0
DA:74,0
DA:75,0
DA:76,0
DA:77,0
DA:78,0
DA:79,0
DA:80,0
DA:81,0
DA:82,0
DA:83,0
DA:84,0
DA:85,0
DA:86,0
DA:87,0
DA:88,0
DA:89,0
DA:90,0
DA:93,0
DA:94,0
DA:95,0
DA:96,0
DA:97,0
DA:98,0
DA:99,0
DA:100,0
DA:101,0
DA:102,0
DA:103,0
DA:104,0
DA:105,0
DA:106,0
DA:107,0
DA:108,0
DA:109,0
DA:110,0
DA:111,0
DA:112,0
LF:46
LH:0
end_of_record
SF:lib\modules\workout\domain\entities\exercise.dart
DA:22,0
LF:1
LH:0
end_of_record
SF:lib\modules\workout\domain\entities\workout.dart
DA:9,0
LF:1
LH:0
end_of_record
SF:lib\modules\customer\data\errors\datasource_error.dart
DA:6,1
LF:1
LH:1
end_of_record
SF:lib\modules\customer\data\repositories\customers_repository_impl.dart
DA:11,1
DA:13,1
DA:16,2
DA:17,1
DA:19,2
LF:5
LH:5
end_of_record
SF:lib\modules\customer\domain\useCases\get_customers.dart
DA:14,1
DA:16,1
DA:18,2
LF:3
LH:3
end_of_record
SF:lib\modules\customer\external\datasources\firebase_datasource.dart
DA:8,1
DA:10,1
DA:12,3
DA:13,6
LF:4
LH:4
end_of_record
